<?xml version="1.0" encoding="UTF-8"?>
<!-- Generated by org.testng.reporters.JUnitXMLReporter -->
<testsuite hostname="dell-pc" name="Default test" tests="1" failures="0" timestamp="7 Mar 2016 20:47:00 GMT" time="47.12" errors="0">
  <testcase name="@BeforeClass setUp" time="0.0" classname="test_ng_package.Idemodel">
    <failure type="org.openqa.selenium.WebDriverException" message="Failed to connect to binary FirefoxBinary(C:\Program Files\Mozilla Firefox\firefox.exe) on port 7055; process output follows: 
on&amp;quot;:&amp;quot;winreg-app-global&amp;quot;,&amp;quot;version&amp;quot;:&amp;quot;4.0.20&amp;quot;,&amp;quot;type&amp;quot;:&amp;quot;extension&amp;quot;,&amp;quot;internalName&amp;quot;:null,&amp;quot;updateURL&amp;quot;:null,&amp;quot;updateKey&amp;quot;:null,&amp;quot;optionsURL&amp;quot;:null,&amp;quot;optionsType&amp;quot;:null,&amp;quot;aboutURL&amp;quot;:null,&amp;quot;iconURL&amp;quot;:&amp;quot;chrome://saff/content/siteadvisor.gif&amp;quot;,&amp;quot;icon64URL&amp;quot;:null,&amp;quot;defaultLocale&amp;quot;:{&amp;quot;name&amp;quot;:&amp;quot;McAfee WebAdvisor&amp;quot;,&amp;quot;description&amp;quot;:null,&amp;quot;creator&amp;quot;:&amp;quot;McAfee Inc.&amp;quot;,&amp;quot;homepageURL&amp;quot;:&amp;quot;http://www.siteadvisor.com/&amp;quot;},&amp;quot;visible&amp;quot;:true,&amp;quot;active&amp;quot;:false,&amp;quot;userDisabled&amp;quot;:true,&amp;quot;appDisabled&amp;quot;:false,&amp;quot;descriptor&amp;quot;:&amp;quot;C:\\Program Files (x86)\\McAfee\\SiteAdvisor\\saffplg.xpi&amp;quot;,&amp;quot;installDate&amp;quot;:1451371816000,&amp;quot;updateDate&amp;quot;:1451371816000,&amp;quot;applyBackgroundUpdates&amp;quot;:1,&amp;quot;bootstrap&amp;quot;:false,&amp;quot;size&amp;quot;:253134,&amp;quot;sourceURI&amp;quot;:null,&amp;quot;releaseNotesURI&amp;quot;:null,&amp;quot;softDisabled&amp;quot;:false,&amp;quot;foreignInstall&amp;quot;:true,&amp;quot;hasBinaryComponents&amp;quot;:false,&amp;quot;strictCompatibility&amp;quot;:false,&amp;quot;locales&amp;quot;:[],&amp;quot;targetApplications&amp;quot;:[{&amp;quot;id&amp;quot;:&amp;quot;{ec8030f7-c20a-464f-9b0e-13a3a9e97384}&amp;quot;,&amp;quot;minVersion&amp;quot;:&amp;quot;26.0&amp;quot;,&amp;quot;maxVersion&amp;quot;:&amp;quot;44.*&amp;quot;}],&amp;quot;targetPlatforms&amp;quot;:[],&amp;quot;multiprocessCompatible&amp;quot;:false,&amp;quot;signedState&amp;quot;:2}
1457383575152	DeferredSave.extensions.json	DEBUG	Save changes
1457383575152	addons.xpi	DEBUG	Updating database with changes to installed add-ons
1457383575152	addons.xpi-utils	DEBUG	Updating add-on states
1457383575155	addons.xpi-utils	DEBUG	Writing add-ons list
1457383575176	addons.manager	DEBUG	Registering shutdown blocker for XPIProvider
1457383575177	addons.manager	DEBUG	Provider finished startup: XPIProvider
1457383575177	addons.manager	DEBUG	Starting provider: LightweightThemeManager
1457383575177	addons.manager	DEBUG	Registering shutdown blocker for LightweightThemeManager
1457383575177	addons.manager	DEBUG	Provider finished startup: LightweightThemeManager
1457383575178	addons.manager	DEBUG	Starting provider: GMPProvider
1457383575189	addons.manager	DEBUG	Registering shutdown blocker for GMPProvider
1457383575189	addons.manager	DEBUG	Provider finished startup: GMPProvider
1457383575189	addons.manager	DEBUG	Starting provider: PluginProvider
1457383575189	addons.manager	DEBUG	Registering shutdown blocker for PluginProvider
1457383575190	addons.manager	DEBUG	Provider finished startup: PluginProvider
1457383575190	addons.manager	DEBUG	Completed startup sequence
1457383576432	addons.manager	DEBUG	Starting provider: &amp;lt;unnamed-provider&amp;gt;
1457383576432	addons.manager	DEBUG	Registering shutdown blocker for &amp;lt;unnamed-provider&amp;gt;
1457383576433	addons.manager	DEBUG	Provider finished startup: &amp;lt;unnamed-provider&amp;gt;
1457383577556	DeferredSave.extensions.json	DEBUG	Write succeeded
1457383577556	addons.xpi-utils	DEBUG	XPI Database saved, setting schema version preference to 17
1457383577557	DeferredSave.extensions.json	DEBUG	Starting timer
1457383577578	DeferredSave.extensions.json	DEBUG	Starting write
1457383577583	addons.repository	DEBUG	No addons.json found.
1457383577583	DeferredSave.addons.json	DEBUG	Save changes
1457383577586	DeferredSave.addons.json	DEBUG	Starting timer
1457383577598	addons.manager	DEBUG	Starting provider: PreviousExperimentProvider
1457383577598	addons.manager	DEBUG	Registering shutdown blocker for PreviousExperimentProvider
1457383577598	addons.manager	DEBUG	Provider finished startup: PreviousExperimentProvider
1457383577607	DeferredSave.extensions.json	DEBUG	Write succeeded
1457383577795	DeferredSave.addons.json	DEBUG	Starting write
1457383578824	DeferredSave.addons.json	DEBUG	Write succeeded
1457383586007	addons.manager	DEBUG	shutdown
1457383586009	addons.manager	DEBUG	Calling shutdown blocker for XPIProvider
1457383586010	addons.xpi	DEBUG	shutdown
1457383586011	addons.xpi-utils	DEBUG	shutdown
1457383586012	addons.manager	DEBUG	Calling shutdown blocker for LightweightThemeManager
1457383586013	addons.manager	DEBUG	Calling shutdown blocker for GMPProvider
1457383586016	addons.manager	DEBUG	Calling shutdown blocker for PluginProvider
1457383586017	addons.manager	DEBUG	Calling shutdown blocker for &amp;lt;unnamed-provider&amp;gt;
1457383586019	addons.manager	DEBUG	Calling shutdown blocker for PreviousExperimentProvider
1457383586025	addons.xpi	DEBUG	Notifying XPI shutdown observers
1457383586030	addons.manager	DEBUG	Async provider shutdown done

Build info: version: &amp;apos;2.49.1&amp;apos;, revision: &amp;apos;7203e46&amp;apos;, time: &amp;apos;2016-01-21 17:35:35&amp;apos;
System info: host: &amp;apos;dell-pc&amp;apos;, ip: &amp;apos;192.168.0.6&amp;apos;, os.name: &amp;apos;Windows 10&amp;apos;, os.arch: &amp;apos;amd64&amp;apos;, os.version: &amp;apos;10.0&amp;apos;, java.version: &amp;apos;1.8.0_73&amp;apos;
Driver info: driver.version: FirefoxDriver">
      <![CDATA[org.openqa.selenium.WebDriverException: Failed to connect to binary FirefoxBinary(C:\Program Files\Mozilla Firefox\firefox.exe) on port 7055; process output follows: 
on":"winreg-app-global","version":"4.0.20","type":"extension","internalName":null,"updateURL":null,"updateKey":null,"optionsURL":null,"optionsType":null,"aboutURL":null,"iconURL":"chrome://saff/content/siteadvisor.gif","icon64URL":null,"defaultLocale":{"name":"McAfee WebAdvisor","description":null,"creator":"McAfee Inc.","homepageURL":"http://www.siteadvisor.com/"},"visible":true,"active":false,"userDisabled":true,"appDisabled":false,"descriptor":"C:\\Program Files (x86)\\McAfee\\SiteAdvisor\\saffplg.xpi","installDate":1451371816000,"updateDate":1451371816000,"applyBackgroundUpdates":1,"bootstrap":false,"size":253134,"sourceURI":null,"releaseNotesURI":null,"softDisabled":false,"foreignInstall":true,"hasBinaryComponents":false,"strictCompatibility":false,"locales":[],"targetApplications":[{"id":"{ec8030f7-c20a-464f-9b0e-13a3a9e97384}","minVersion":"26.0","maxVersion":"44.*"}],"targetPlatforms":[],"multiprocessCompatible":false,"signedState":2}
1457383575152	DeferredSave.extensions.json	DEBUG	Save changes
1457383575152	addons.xpi	DEBUG	Updating database with changes to installed add-ons
1457383575152	addons.xpi-utils	DEBUG	Updating add-on states
1457383575155	addons.xpi-utils	DEBUG	Writing add-ons list
1457383575176	addons.manager	DEBUG	Registering shutdown blocker for XPIProvider
1457383575177	addons.manager	DEBUG	Provider finished startup: XPIProvider
1457383575177	addons.manager	DEBUG	Starting provider: LightweightThemeManager
1457383575177	addons.manager	DEBUG	Registering shutdown blocker for LightweightThemeManager
1457383575177	addons.manager	DEBUG	Provider finished startup: LightweightThemeManager
1457383575178	addons.manager	DEBUG	Starting provider: GMPProvider
1457383575189	addons.manager	DEBUG	Registering shutdown blocker for GMPProvider
1457383575189	addons.manager	DEBUG	Provider finished startup: GMPProvider
1457383575189	addons.manager	DEBUG	Starting provider: PluginProvider
1457383575189	addons.manager	DEBUG	Registering shutdown blocker for PluginProvider
1457383575190	addons.manager	DEBUG	Provider finished startup: PluginProvider
1457383575190	addons.manager	DEBUG	Completed startup sequence
1457383576432	addons.manager	DEBUG	Starting provider: <unnamed-provider>
1457383576432	addons.manager	DEBUG	Registering shutdown blocker for <unnamed-provider>
1457383576433	addons.manager	DEBUG	Provider finished startup: <unnamed-provider>
1457383577556	DeferredSave.extensions.json	DEBUG	Write succeeded
1457383577556	addons.xpi-utils	DEBUG	XPI Database saved, setting schema version preference to 17
1457383577557	DeferredSave.extensions.json	DEBUG	Starting timer
1457383577578	DeferredSave.extensions.json	DEBUG	Starting write
1457383577583	addons.repository	DEBUG	No addons.json found.
1457383577583	DeferredSave.addons.json	DEBUG	Save changes
1457383577586	DeferredSave.addons.json	DEBUG	Starting timer
1457383577598	addons.manager	DEBUG	Starting provider: PreviousExperimentProvider
1457383577598	addons.manager	DEBUG	Registering shutdown blocker for PreviousExperimentProvider
1457383577598	addons.manager	DEBUG	Provider finished startup: PreviousExperimentProvider
1457383577607	DeferredSave.extensions.json	DEBUG	Write succeeded
1457383577795	DeferredSave.addons.json	DEBUG	Starting write
1457383578824	DeferredSave.addons.json	DEBUG	Write succeeded
1457383586007	addons.manager	DEBUG	shutdown
1457383586009	addons.manager	DEBUG	Calling shutdown blocker for XPIProvider
1457383586010	addons.xpi	DEBUG	shutdown
1457383586011	addons.xpi-utils	DEBUG	shutdown
1457383586012	addons.manager	DEBUG	Calling shutdown blocker for LightweightThemeManager
1457383586013	addons.manager	DEBUG	Calling shutdown blocker for GMPProvider
1457383586016	addons.manager	DEBUG	Calling shutdown blocker for PluginProvider
1457383586017	addons.manager	DEBUG	Calling shutdown blocker for <unnamed-provider>
1457383586019	addons.manager	DEBUG	Calling shutdown blocker for PreviousExperimentProvider
1457383586025	addons.xpi	DEBUG	Notifying XPI shutdown observers
1457383586030	addons.manager	DEBUG	Async provider shutdown done

Build info: version: '2.49.1', revision: '7203e46', time: '2016-01-21 17:35:35'
System info: host: 'dell-pc', ip: '192.168.0.6', os.name: 'Windows 10', os.arch: 'amd64', os.version: '10.0', java.version: '1.8.0_73'
Driver info: driver.version: FirefoxDriver
	at org.openqa.selenium.firefox.internal.NewProfileExtensionConnection.start(NewProfileExtensionConnection.java:134)
	at org.openqa.selenium.firefox.FirefoxDriver.startClient(FirefoxDriver.java:271)
	at org.openqa.selenium.remote.RemoteWebDriver.<init>(RemoteWebDriver.java:119)
	at org.openqa.selenium.firefox.FirefoxDriver.<init>(FirefoxDriver.java:218)
	at org.openqa.selenium.firefox.FirefoxDriver.<init>(FirefoxDriver.java:211)
	at org.openqa.selenium.firefox.FirefoxDriver.<init>(FirefoxDriver.java:207)
	at org.openqa.selenium.firefox.FirefoxDriver.<init>(FirefoxDriver.java:120)
	at test_ng_package.Idemodel.setUp(Idemodel.java:19)
	at sun.reflect.NativeMethodAccessorImpl.invoke0(Native Method)
	at sun.reflect.NativeMethodAccessorImpl.invoke(Unknown Source)
	at sun.reflect.DelegatingMethodAccessorImpl.invoke(Unknown Source)
	at java.lang.reflect.Method.invoke(Unknown Source)
	at org.testng.internal.MethodInvocationHelper.invokeMethod(MethodInvocationHelper.java:85)
	at org.testng.internal.Invoker.invokeConfigurationMethod(Invoker.java:510)
	at org.testng.internal.Invoker.invokeConfigurations(Invoker.java:211)
	at org.testng.internal.Invoker.invokeConfigurations(Invoker.java:138)
	at org.testng.internal.TestMethodWorker.invokeBeforeClassMethods(TestMethodWorker.java:170)
	at org.testng.internal.TestMethodWorker.run(TestMethodWorker.java:104)
	at org.testng.TestRunner.privateRun(TestRunner.java:774)
	at org.testng.TestRunner.run(TestRunner.java:624)
	at org.testng.SuiteRunner.runTest(SuiteRunner.java:359)
	at org.testng.SuiteRunner.runSequentially(SuiteRunner.java:354)
	at org.testng.SuiteRunner.privateRun(SuiteRunner.java:312)
	at org.testng.SuiteRunner.run(SuiteRunner.java:261)
	at org.testng.SuiteRunnerWorker.runSuite(SuiteRunnerWorker.java:52)
	at org.testng.SuiteRunnerWorker.run(SuiteRunnerWorker.java:86)
	at org.testng.TestNG.runSuitesSequentially(TestNG.java:1215)
	at org.testng.TestNG.runSuitesLocally(TestNG.java:1140)
	at org.testng.TestNG.run(TestNG.java:1048)
	at org.testng.remote.RemoteTestNG.run(RemoteTestNG.java:112)
	at org.testng.remote.RemoteTestNG.initAndRun(RemoteTestNG.java:205)
	at org.testng.remote.RemoteTestNG.main(RemoteTestNG.java:176)
Caused by: org.openqa.selenium.firefox.NotConnectedException: Unable to connect to host 127.0.0.1 on port 7055 after 45000 ms. Firefox console output:
on":"winreg-app-global","version":"4.0.20","type":"extension","internalName":null,"updateURL":null,"updateKey":null,"optionsURL":null,"optionsType":null,"aboutURL":null,"iconURL":"chrome://saff/content/siteadvisor.gif","icon64URL":null,"defaultLocale":{"name":"McAfee WebAdvisor","description":null,"creator":"McAfee Inc.","homepageURL":"http://www.siteadvisor.com/"},"visible":true,"active":false,"userDisabled":true,"appDisabled":false,"descriptor":"C:\\Program Files (x86)\\McAfee\\SiteAdvisor\\saffplg.xpi","installDate":1451371816000,"updateDate":1451371816000,"applyBackgroundUpdates":1,"bootstrap":false,"size":253134,"sourceURI":null,"releaseNotesURI":null,"softDisabled":false,"foreignInstall":true,"hasBinaryComponents":false,"strictCompatibility":false,"locales":[],"targetApplications":[{"id":"{ec8030f7-c20a-464f-9b0e-13a3a9e97384}","minVersion":"26.0","maxVersion":"44.*"}],"targetPlatforms":[],"multiprocessCompatible":false,"signedState":2}
1457383575152	DeferredSave.extensions.json	DEBUG	Save changes
1457383575152	addons.xpi	DEBUG	Updating database with changes to installed add-ons
1457383575152	addons.xpi-utils	DEBUG	Updating add-on states
1457383575155	addons.xpi-utils	DEBUG	Writing add-ons list
1457383575176	addons.manager	DEBUG	Registering shutdown blocker for XPIProvider
1457383575177	addons.manager	DEBUG	Provider finished startup: XPIProvider
1457383575177	addons.manager	DEBUG	Starting provider: LightweightThemeManager
1457383575177	addons.manager	DEBUG	Registering shutdown blocker for LightweightThemeManager
1457383575177	addons.manager	DEBUG	Provider finished startup: LightweightThemeManager
1457383575178	addons.manager	DEBUG	Starting provider: GMPProvider
1457383575189	addons.manager	DEBUG	Registering shutdown blocker for GMPProvider
1457383575189	addons.manager	DEBUG	Provider finished startup: GMPProvider
1457383575189	addons.manager	DEBUG	Starting provider: PluginProvider
1457383575189	addons.manager	DEBUG	Registering shutdown blocker for PluginProvider
1457383575190	addons.manager	DEBUG	Provider finished startup: PluginProvider
1457383575190	addons.manager	DEBUG	Completed startup sequence
1457383576432	addons.manager	DEBUG	Starting provider: <unnamed-provider>
1457383576432	addons.manager	DEBUG	Registering shutdown blocker for <unnamed-provider>
1457383576433	addons.manager	DEBUG	Provider finished startup: <unnamed-provider>
1457383577556	DeferredSave.extensions.json	DEBUG	Write succeeded
1457383577556	addons.xpi-utils	DEBUG	XPI Database saved, setting schema version preference to 17
1457383577557	DeferredSave.extensions.json	DEBUG	Starting timer
1457383577578	DeferredSave.extensions.json	DEBUG	Starting write
1457383577583	addons.repository	DEBUG	No addons.json found.
1457383577583	DeferredSave.addons.json	DEBUG	Save changes
1457383577586	DeferredSave.addons.json	DEBUG	Starting timer
1457383577598	addons.manager	DEBUG	Starting provider: PreviousExperimentProvider
1457383577598	addons.manager	DEBUG	Registering shutdown blocker for PreviousExperimentProvider
1457383577598	addons.manager	DEBUG	Provider finished startup: PreviousExperimentProvider
1457383577607	DeferredSave.extensions.json	DEBUG	Write succeeded
1457383577795	DeferredSave.addons.json	DEBUG	Starting write
1457383578824	DeferredSave.addons.json	DEBUG	Write succeeded
1457383586007	addons.manager	DEBUG	shutdown
1457383586009	addons.manager	DEBUG	Calling shutdown blocker for XPIProvider
1457383586010	addons.xpi	DEBUG	shutdown
1457383586011	addons.xpi-utils	DEBUG	shutdown
1457383586012	addons.manager	DEBUG	Calling shutdown blocker for LightweightThemeManager
1457383586013	addons.manager	DEBUG	Calling shutdown blocker for GMPProvider
1457383586016	addons.manager	DEBUG	Calling shutdown blocker for PluginProvider
1457383586017	addons.manager	DEBUG	Calling shutdown blocker for <unnamed-provider>
1457383586019	addons.manager	DEBUG	Calling shutdown blocker for PreviousExperimentProvider
1457383586025	addons.xpi	DEBUG	Notifying XPI shutdown observers
1457383586030	addons.manager	DEBUG	Async provider shutdown done

	at org.openqa.selenium.firefox.internal.NewProfileExtensionConnection.start(NewProfileExtensionConnection.java:122)
	... 31 more
]]>
    </failure>
  </testcase> <!-- @BeforeClass setUp -->
  <testcase name="@AfterClass tearDown" time="0.0" classname="test_ng_package.Idemodel">
    <failure type="java.lang.NullPointerException">
      <![CDATA[java.lang.NullPointerException
	at test_ng_package.Idemodel.tearDown(Idemodel.java:59)
	at sun.reflect.NativeMethodAccessorImpl.invoke0(Native Method)
	at sun.reflect.NativeMethodAccessorImpl.invoke(Unknown Source)
	at sun.reflect.DelegatingMethodAccessorImpl.invoke(Unknown Source)
	at java.lang.reflect.Method.invoke(Unknown Source)
	at org.testng.internal.MethodInvocationHelper.invokeMethod(MethodInvocationHelper.java:85)
	at org.testng.internal.Invoker.invokeConfigurationMethod(Invoker.java:510)
	at org.testng.internal.Invoker.invokeConfigurations(Invoker.java:211)
	at org.testng.internal.Invoker.invokeConfigurations(Invoker.java:138)
	at org.testng.internal.TestMethodWorker.invokeAfterClassMethods(TestMethodWorker.java:220)
	at org.testng.internal.TestMethodWorker.run(TestMethodWorker.java:111)
	at org.testng.TestRunner.privateRun(TestRunner.java:774)
	at org.testng.TestRunner.run(TestRunner.java:624)
	at org.testng.SuiteRunner.runTest(SuiteRunner.java:359)
	at org.testng.SuiteRunner.runSequentially(SuiteRunner.java:354)
	at org.testng.SuiteRunner.privateRun(SuiteRunner.java:312)
	at org.testng.SuiteRunner.run(SuiteRunner.java:261)
	at org.testng.SuiteRunnerWorker.runSuite(SuiteRunnerWorker.java:52)
	at org.testng.SuiteRunnerWorker.run(SuiteRunnerWorker.java:86)
	at org.testng.TestNG.runSuitesSequentially(TestNG.java:1215)
	at org.testng.TestNG.runSuitesLocally(TestNG.java:1140)
	at org.testng.TestNG.run(TestNG.java:1048)
	at org.testng.remote.RemoteTestNG.run(RemoteTestNG.java:112)
	at org.testng.remote.RemoteTestNG.initAndRun(RemoteTestNG.java:205)
	at org.testng.remote.RemoteTestNG.main(RemoteTestNG.java:176)
]]>
    </failure>
  </testcase> <!-- @AfterClass tearDown -->
  <testcase name="testIdemodel" time="0.0" classname="test_ng_package.Idemodel">
    <skipped/>
  </testcase> <!-- testIdemodel -->
</testsuite> <!-- Default test -->
