<?xml version="1.0" encoding="UTF-8"?>
<!-- Generated by org.testng.reporters.JUnitXMLReporter -->
<testsuite hostname="dell-pc" name="Default test" tests="6" failures="0" timestamp="9 Jul 2017 07:49:06 GMT" time="0.038" errors="0">
  <testcase name="m1" time="0.0" classname="practiceAtHome.CheckAssert"/>
  <testcase name="m2" time="0.016" classname="practiceAtHome.CheckAssert"/>
  <testcase name="m3" time="0.001" classname="practiceAtHome.CheckAssert"/>
  <testcase name="m4" time="0.001" classname="practiceAtHome.CheckAssert"/>
  <testcase name="m5" time="0.0" classname="practiceAtHome.CheckAssert"/>
  <testcase name="m6" time="0.0" classname="practiceAtHome.CheckAssert"/>
</testsuite> <!-- Default test -->
