<?xml version="1.0" encoding="UTF-8"?>
<!-- Generated by org.testng.reporters.JUnitXMLReporter -->
<testsuite hostname="dell-pc" name="Test" tests="1" failures="1" timestamp="5 Jul 2017 03:56:01 GMT" time="7.0" errors="0">
  <testcase name="testWBT" time="0.839" classname="script.WBT">
    <failure type="java.lang.AssertionError" message="null">
      <![CDATA[java.lang.AssertionError: null
	at script.WBT.testWBT(WBT.java:29)
... Removed 26 stack frames]]>
    </failure>
  </testcase> <!-- testWBT -->
</testsuite> <!-- Test -->
