<?xml version="1.0" encoding="UTF-8"?>
<testng-results skipped="0" failed="0" total="1" passed="1">
  <reporter-output>
  </reporter-output>
  <suite name="Default suite" duration-ms="9842" started-at="2017-07-05T20:10:29Z" finished-at="2017-07-05T20:10:39Z">
    <groups>
    </groups>
    <test name="Default test" duration-ms="9842" started-at="2017-07-05T20:10:29Z" finished-at="2017-07-05T20:10:39Z">
      <class name="zB.GoogleAndExcel">
        <test-method status="PASS" signature="google_excel()[pri:0, instance:zB.GoogleAndExcel@71f2a7d5]" name="google_excel" duration-ms="9806" started-at="2017-07-06T01:40:29Z" finished-at="2017-07-06T01:40:39Z">
          <reporter-output>
          </reporter-output>
        </test-method> <!-- google_excel -->
      </class> <!-- zB.GoogleAndExcel -->
    </test> <!-- Default test -->
  </suite> <!-- Default suite -->
</testng-results>
